The target system is: Linux -  - 
The host system is: Linux - 5.19.13_1 - x86_64
Compiling the C compiler identification source file "CMakeCCompilerId.c" succeeded.
Compiler: /usr/bin/gcc 
Build flags: ;-Wall;-Wextra
Id flags:  

The output was:
0


Compilation of the C compiler identification source "CMakeCCompilerId.c" produced "a.out"

The C compiler identification is GNU, found in "/home/dirtyv/Codes/computer_systems/Assignment4 MorseCodeDecoder/build/CMakeFiles/3.24.2/CompilerIdC/a.out"

Detecting C compiler ABI info compiled with the following output:
Change Dir: /home/dirtyv/Codes/computer_systems/Assignment4 MorseCodeDecoder/build/CMakeFiles/CMakeTmp

Run Build Command(s):/usr/bin/make -f Makefile cmTC_6a2e4/fast && /usr/bin/make  -f CMakeFiles/cmTC_6a2e4.dir/build.make CMakeFiles/cmTC_6a2e4.dir/build
make[1]: Entering directory '/home/dirtyv/Codes/computer_systems/Assignment4 MorseCodeDecoder/build/CMakeFiles/CMakeTmp'
Building C object CMakeFiles/cmTC_6a2e4.dir/CMakeCCompilerABI.c.o
/usr/bin/gcc   -Wall -Wextra    -v -std=gnu17 -o CMakeFiles/cmTC_6a2e4.dir/CMakeCCompilerABI.c.o -c /usr/share/cmake-3.24/Modules/CMakeCCompilerABI.c
Reading specs from /usr/lib64/gcc/x86_64-unknown-linux-gnu/10.2.1/specs
COLLECT_GCC=/usr/bin/gcc
Target: x86_64-unknown-linux-gnu
Configured with: /builddir/gcc-10.2.1_pre1/configure --build=x86_64-unknown-linux-gnu --enable-gnu-unique-object --enable-vtable-verify --prefix=/usr --mandir=/usr/share/man --infodir=/usr/share/info --libexecdir=/usr/lib64 --libdir=/usr/lib64 --enable-threads=posix --enable-__cxa_atexit --disable-multilib --with-system-zlib --enable-shared --enable-lto --enable-plugins --enable-linker-build-id --disable-werror --disable-nls --enable-default-pie --enable-default-ssp --enable-checking=release --disable-libstdcxx-pch --with-isl --with-linker-hash-style=gnu --disable-sjlj-exceptions --disable-target-libiberty --enable-languages=c,c++,objc,obj-c++,fortran,lto,go,ada
Thread model: posix
Supported LTO compression algorithms: zlib
gcc version 10.2.1 20201203 (GCC) 
COLLECT_GCC_OPTIONS='-Wall' '-Wextra' '-v' '-std=gnu17' '-o' 'CMakeFiles/cmTC_6a2e4.dir/CMakeCCompilerABI.c.o' '-c' '-mtune=generic' '-march=x86-64'
 /usr/lib64/gcc/x86_64-unknown-linux-gnu/10.2.1/cc1 -quiet -v /usr/share/cmake-3.24/Modules/CMakeCCompilerABI.c -quiet -dumpbase CMakeCCompilerABI.c -mtune=generic -march=x86-64 -auxbase-strip CMakeFiles/cmTC_6a2e4.dir/CMakeCCompilerABI.c.o -Wall -Wextra -std=gnu17 -version -o /tmp/ccU88aEe.s
GNU C17 (GCC) version 10.2.1 20201203 (x86_64-unknown-linux-gnu)
	compiled by GNU C version 10.2.1 20201203, GMP version 6.2.0, MPFR version 4.1.0, MPC version 1.1.0, isl version isl-0.21-GMP

GGC heuristics: --param ggc-min-expand=100 --param ggc-min-heapsize=131072
ignoring nonexistent directory "/usr/lib64/gcc/x86_64-unknown-linux-gnu/10.2.1/../../../../x86_64-unknown-linux-gnu/include"
#include "..." search starts here:
#include <...> search starts here:
 /usr/lib64/gcc/x86_64-unknown-linux-gnu/10.2.1/include
 /usr/local/include
 /usr/lib64/gcc/x86_64-unknown-linux-gnu/10.2.1/include-fixed
 /usr/include
End of search list.
GNU C17 (GCC) version 10.2.1 20201203 (x86_64-unknown-linux-gnu)
	compiled by GNU C version 10.2.1 20201203, GMP version 6.2.0, MPFR version 4.1.0, MPC version 1.1.0, isl version isl-0.21-GMP

GGC heuristics: --param ggc-min-expand=100 --param ggc-min-heapsize=131072
Compiler executable checksum: cd9b8a2d760c33d69d07511fa88cb109
COLLECT_GCC_OPTIONS='-Wall' '-Wextra' '-v' '-std=gnu17' '-o' 'CMakeFiles/cmTC_6a2e4.dir/CMakeCCompilerABI.c.o' '-c' '-mtune=generic' '-march=x86-64'
 as -v --64 -o CMakeFiles/cmTC_6a2e4.dir/CMakeCCompilerABI.c.o /tmp/ccU88aEe.s
GNU assembler version 2.35.1 (x86_64-unknown-linux-gnu) using BFD version (GNU Binutils) 2.35.1
COMPILER_PATH=/usr/lib64/gcc/x86_64-unknown-linux-gnu/10.2.1/:/usr/lib64/gcc/x86_64-unknown-linux-gnu/10.2.1/:/usr/lib64/gcc/x86_64-unknown-linux-gnu/:/usr/lib64/gcc/x86_64-unknown-linux-gnu/10.2.1/:/usr/lib64/gcc/x86_64-unknown-linux-gnu/
LIBRARY_PATH=/usr/lib64/gcc/x86_64-unknown-linux-gnu/10.2.1/:/usr/lib64/gcc/x86_64-unknown-linux-gnu/10.2.1/../../../../lib64/:/lib/../lib64/:/usr/lib/../lib64/:/usr/lib64/gcc/x86_64-unknown-linux-gnu/10.2.1/../../../:/lib/:/usr/lib/
COLLECT_GCC_OPTIONS='-Wall' '-Wextra' '-v' '-std=gnu17' '-o' 'CMakeFiles/cmTC_6a2e4.dir/CMakeCCompilerABI.c.o' '-c' '-mtune=generic' '-march=x86-64'
Linking C executable cmTC_6a2e4
/usr/bin/cmake -E cmake_link_script CMakeFiles/cmTC_6a2e4.dir/link.txt --verbose=1
/usr/bin/gcc  -Wall -Wextra   -v CMakeFiles/cmTC_6a2e4.dir/CMakeCCompilerABI.c.o -o cmTC_6a2e4 
Reading specs from /usr/lib64/gcc/x86_64-unknown-linux-gnu/10.2.1/specs
COLLECT_GCC=/usr/bin/gcc
COLLECT_LTO_WRAPPER=/usr/lib64/gcc/x86_64-unknown-linux-gnu/10.2.1/lto-wrapper
Target: x86_64-unknown-linux-gnu
Configured with: /builddir/gcc-10.2.1_pre1/configure --build=x86_64-unknown-linux-gnu --enable-gnu-unique-object --enable-vtable-verify --prefix=/usr --mandir=/usr/share/man --infodir=/usr/share/info --libexecdir=/usr/lib64 --libdir=/usr/lib64 --enable-threads=posix --enable-__cxa_atexit --disable-multilib --with-system-zlib --enable-shared --enable-lto --enable-plugins --enable-linker-build-id --disable-werror --disable-nls --enable-default-pie --enable-default-ssp --enable-checking=release --disable-libstdcxx-pch --with-isl --with-linker-hash-style=gnu --disable-sjlj-exceptions --disable-target-libiberty --enable-languages=c,c++,objc,obj-c++,fortran,lto,go,ada
Thread model: posix
Supported LTO compression algorithms: zlib
gcc version 10.2.1 20201203 (GCC) 
COMPILER_PATH=/usr/lib64/gcc/x86_64-unknown-linux-gnu/10.2.1/:/usr/lib64/gcc/x86_64-unknown-linux-gnu/10.2.1/:/usr/lib64/gcc/x86_64-unknown-linux-gnu/:/usr/lib64/gcc/x86_64-unknown-linux-gnu/10.2.1/:/usr/lib64/gcc/x86_64-unknown-linux-gnu/
LIBRARY_PATH=/usr/lib64/gcc/x86_64-unknown-linux-gnu/10.2.1/:/usr/lib64/gcc/x86_64-unknown-linux-gnu/10.2.1/../../../../lib64/:/lib/../lib64/:/usr/lib/../lib64/:/usr/lib64/gcc/x86_64-unknown-linux-gnu/10.2.1/../../../:/lib/:/usr/lib/
COLLECT_GCC_OPTIONS='-Wall' '-Wextra' '-v' '-o' 'cmTC_6a2e4' '-mtune=generic' '-march=x86-64'
 /usr/lib64/gcc/x86_64-unknown-linux-gnu/10.2.1/collect2 -plugin /usr/lib64/gcc/x86_64-unknown-linux-gnu/10.2.1/liblto_plugin.so -plugin-opt=/usr/lib64/gcc/x86_64-unknown-linux-gnu/10.2.1/lto-wrapper -plugin-opt=-fresolution=/tmp/ccS95xZE.res -plugin-opt=-pass-through=-lgcc -plugin-opt=-pass-through=-lgcc_s -plugin-opt=-pass-through=-lc -plugin-opt=-pass-through=-lgcc -plugin-opt=-pass-through=-lgcc_s --build-id --eh-frame-hdr --hash-style=gnu -m elf_x86_64 -dynamic-linker /lib64/ld-linux-x86-64.so.2 -pie -o cmTC_6a2e4 /usr/lib64/gcc/x86_64-unknown-linux-gnu/10.2.1/../../../../lib64/Scrt1.o /usr/lib64/gcc/x86_64-unknown-linux-gnu/10.2.1/../../../../lib64/crti.o /usr/lib64/gcc/x86_64-unknown-linux-gnu/10.2.1/crtbeginS.o -L/usr/lib64/gcc/x86_64-unknown-linux-gnu/10.2.1 -L/usr/lib64/gcc/x86_64-unknown-linux-gnu/10.2.1/../../../../lib64 -L/lib/../lib64 -L/usr/lib/../lib64 -L/usr/lib64/gcc/x86_64-unknown-linux-gnu/10.2.1/../../.. CMakeFiles/cmTC_6a2e4.dir/CMakeCCompilerABI.c.o -lgcc --push-state --as-needed -lgcc_s --pop-state -lc -lgcc --push-state --as-needed -lgcc_s --pop-state /usr/lib64/gcc/x86_64-unknown-linux-gnu/10.2.1/crtendS.o /usr/lib64/gcc/x86_64-unknown-linux-gnu/10.2.1/../../../../lib64/crtn.o
COLLECT_GCC_OPTIONS='-Wall' '-Wextra' '-v' '-o' 'cmTC_6a2e4' '-mtune=generic' '-march=x86-64'
make[1]: Leaving directory '/home/dirtyv/Codes/computer_systems/Assignment4 MorseCodeDecoder/build/CMakeFiles/CMakeTmp'



Parsed C implicit include dir info from above output: rv=done
  found start of include info
  found start of implicit include info
    add: [/usr/lib64/gcc/x86_64-unknown-linux-gnu/10.2.1/include]
    add: [/usr/local/include]
    add: [/usr/lib64/gcc/x86_64-unknown-linux-gnu/10.2.1/include-fixed]
    add: [/usr/include]
  end of search list found
  collapse include dir [/usr/lib64/gcc/x86_64-unknown-linux-gnu/10.2.1/include] ==> [/usr/lib64/gcc/x86_64-unknown-linux-gnu/10.2.1/include]
  collapse include dir [/usr/local/include] ==> [/usr/local/include]
  collapse include dir [/usr/lib64/gcc/x86_64-unknown-linux-gnu/10.2.1/include-fixed] ==> [/usr/lib64/gcc/x86_64-unknown-linux-gnu/10.2.1/include-fixed]
  collapse include dir [/usr/include] ==> [/usr/include]
  implicit include dirs: [/usr/lib64/gcc/x86_64-unknown-linux-gnu/10.2.1/include;/usr/local/include;/usr/lib64/gcc/x86_64-unknown-linux-gnu/10.2.1/include-fixed;/usr/include]


Parsed C implicit link information from above output:
  link line regex: [^( *|.*[/\])(ld|CMAKE_LINK_STARTFILE-NOTFOUND|([^/\]+-)?ld|collect2)[^/\]*( |$)]
  ignore line: [Change Dir: /home/dirtyv/Codes/computer_systems/Assignment4 MorseCodeDecoder/build/CMakeFiles/CMakeTmp]
  ignore line: []
  ignore line: [Run Build Command(s):/usr/bin/make -f Makefile cmTC_6a2e4/fast && /usr/bin/make  -f CMakeFiles/cmTC_6a2e4.dir/build.make CMakeFiles/cmTC_6a2e4.dir/build]
  ignore line: [make[1]: Entering directory '/home/dirtyv/Codes/computer_systems/Assignment4 MorseCodeDecoder/build/CMakeFiles/CMakeTmp']
  ignore line: [Building C object CMakeFiles/cmTC_6a2e4.dir/CMakeCCompilerABI.c.o]
  ignore line: [/usr/bin/gcc   -Wall -Wextra    -v -std=gnu17 -o CMakeFiles/cmTC_6a2e4.dir/CMakeCCompilerABI.c.o -c /usr/share/cmake-3.24/Modules/CMakeCCompilerABI.c]
  ignore line: [Reading specs from /usr/lib64/gcc/x86_64-unknown-linux-gnu/10.2.1/specs]
  ignore line: [COLLECT_GCC=/usr/bin/gcc]
  ignore line: [Target: x86_64-unknown-linux-gnu]
  ignore line: [Configured with: /builddir/gcc-10.2.1_pre1/configure --build=x86_64-unknown-linux-gnu --enable-gnu-unique-object --enable-vtable-verify --prefix=/usr --mandir=/usr/share/man --infodir=/usr/share/info --libexecdir=/usr/lib64 --libdir=/usr/lib64 --enable-threads=posix --enable-__cxa_atexit --disable-multilib --with-system-zlib --enable-shared --enable-lto --enable-plugins --enable-linker-build-id --disable-werror --disable-nls --enable-default-pie --enable-default-ssp --enable-checking=release --disable-libstdcxx-pch --with-isl --with-linker-hash-style=gnu --disable-sjlj-exceptions --disable-target-libiberty --enable-languages=c c++ objc obj-c++ fortran lto go ada]
  ignore line: [Thread model: posix]
  ignore line: [Supported LTO compression algorithms: zlib]
  ignore line: [gcc version 10.2.1 20201203 (GCC) ]
  ignore line: [COLLECT_GCC_OPTIONS='-Wall' '-Wextra' '-v' '-std=gnu17' '-o' 'CMakeFiles/cmTC_6a2e4.dir/CMakeCCompilerABI.c.o' '-c' '-mtune=generic' '-march=x86-64']
  ignore line: [ /usr/lib64/gcc/x86_64-unknown-linux-gnu/10.2.1/cc1 -quiet -v /usr/share/cmake-3.24/Modules/CMakeCCompilerABI.c -quiet -dumpbase CMakeCCompilerABI.c -mtune=generic -march=x86-64 -auxbase-strip CMakeFiles/cmTC_6a2e4.dir/CMakeCCompilerABI.c.o -Wall -Wextra -std=gnu17 -version -o /tmp/ccU88aEe.s]
  ignore line: [GNU C17 (GCC) version 10.2.1 20201203 (x86_64-unknown-linux-gnu)]
  ignore line: [	compiled by GNU C version 10.2.1 20201203  GMP version 6.2.0  MPFR version 4.1.0  MPC version 1.1.0  isl version isl-0.21-GMP]
  ignore line: []
  ignore line: [GGC heuristics: --param ggc-min-expand=100 --param ggc-min-heapsize=131072]
  ignore line: [ignoring nonexistent directory "/usr/lib64/gcc/x86_64-unknown-linux-gnu/10.2.1/../../../../x86_64-unknown-linux-gnu/include"]
  ignore line: [#include "..." search starts here:]
  ignore line: [#include <...> search starts here:]
  ignore line: [ /usr/lib64/gcc/x86_64-unknown-linux-gnu/10.2.1/include]
  ignore line: [ /usr/local/include]
  ignore line: [ /usr/lib64/gcc/x86_64-unknown-linux-gnu/10.2.1/include-fixed]
  ignore line: [ /usr/include]
  ignore line: [End of search list.]
  ignore line: [GNU C17 (GCC) version 10.2.1 20201203 (x86_64-unknown-linux-gnu)]
  ignore line: [	compiled by GNU C version 10.2.1 20201203  GMP version 6.2.0  MPFR version 4.1.0  MPC version 1.1.0  isl version isl-0.21-GMP]
  ignore line: []
  ignore line: [GGC heuristics: --param ggc-min-expand=100 --param ggc-min-heapsize=131072]
  ignore line: [Compiler executable checksum: cd9b8a2d760c33d69d07511fa88cb109]
  ignore line: [COLLECT_GCC_OPTIONS='-Wall' '-Wextra' '-v' '-std=gnu17' '-o' 'CMakeFiles/cmTC_6a2e4.dir/CMakeCCompilerABI.c.o' '-c' '-mtune=generic' '-march=x86-64']
  ignore line: [ as -v --64 -o CMakeFiles/cmTC_6a2e4.dir/CMakeCCompilerABI.c.o /tmp/ccU88aEe.s]
  ignore line: [GNU assembler version 2.35.1 (x86_64-unknown-linux-gnu) using BFD version (GNU Binutils) 2.35.1]
  ignore line: [COMPILER_PATH=/usr/lib64/gcc/x86_64-unknown-linux-gnu/10.2.1/:/usr/lib64/gcc/x86_64-unknown-linux-gnu/10.2.1/:/usr/lib64/gcc/x86_64-unknown-linux-gnu/:/usr/lib64/gcc/x86_64-unknown-linux-gnu/10.2.1/:/usr/lib64/gcc/x86_64-unknown-linux-gnu/]
  ignore line: [LIBRARY_PATH=/usr/lib64/gcc/x86_64-unknown-linux-gnu/10.2.1/:/usr/lib64/gcc/x86_64-unknown-linux-gnu/10.2.1/../../../../lib64/:/lib/../lib64/:/usr/lib/../lib64/:/usr/lib64/gcc/x86_64-unknown-linux-gnu/10.2.1/../../../:/lib/:/usr/lib/]
  ignore line: [COLLECT_GCC_OPTIONS='-Wall' '-Wextra' '-v' '-std=gnu17' '-o' 'CMakeFiles/cmTC_6a2e4.dir/CMakeCCompilerABI.c.o' '-c' '-mtune=generic' '-march=x86-64']
  ignore line: [Linking C executable cmTC_6a2e4]
  ignore line: [/usr/bin/cmake -E cmake_link_script CMakeFiles/cmTC_6a2e4.dir/link.txt --verbose=1]
  ignore line: [/usr/bin/gcc  -Wall -Wextra   -v CMakeFiles/cmTC_6a2e4.dir/CMakeCCompilerABI.c.o -o cmTC_6a2e4 ]
  ignore line: [Reading specs from /usr/lib64/gcc/x86_64-unknown-linux-gnu/10.2.1/specs]
  ignore line: [COLLECT_GCC=/usr/bin/gcc]
  ignore line: [COLLECT_LTO_WRAPPER=/usr/lib64/gcc/x86_64-unknown-linux-gnu/10.2.1/lto-wrapper]
  ignore line: [Target: x86_64-unknown-linux-gnu]
  ignore line: [Configured with: /builddir/gcc-10.2.1_pre1/configure --build=x86_64-unknown-linux-gnu --enable-gnu-unique-object --enable-vtable-verify --prefix=/usr --mandir=/usr/share/man --infodir=/usr/share/info --libexecdir=/usr/lib64 --libdir=/usr/lib64 --enable-threads=posix --enable-__cxa_atexit --disable-multilib --with-system-zlib --enable-shared --enable-lto --enable-plugins --enable-linker-build-id --disable-werror --disable-nls --enable-default-pie --enable-default-ssp --enable-checking=release --disable-libstdcxx-pch --with-isl --with-linker-hash-style=gnu --disable-sjlj-exceptions --disable-target-libiberty --enable-languages=c c++ objc obj-c++ fortran lto go ada]
  ignore line: [Thread model: posix]
  ignore line: [Supported LTO compression algorithms: zlib]
  ignore line: [gcc version 10.2.1 20201203 (GCC) ]
  ignore line: [COMPILER_PATH=/usr/lib64/gcc/x86_64-unknown-linux-gnu/10.2.1/:/usr/lib64/gcc/x86_64-unknown-linux-gnu/10.2.1/:/usr/lib64/gcc/x86_64-unknown-linux-gnu/:/usr/lib64/gcc/x86_64-unknown-linux-gnu/10.2.1/:/usr/lib64/gcc/x86_64-unknown-linux-gnu/]
  ignore line: [LIBRARY_PATH=/usr/lib64/gcc/x86_64-unknown-linux-gnu/10.2.1/:/usr/lib64/gcc/x86_64-unknown-linux-gnu/10.2.1/../../../../lib64/:/lib/../lib64/:/usr/lib/../lib64/:/usr/lib64/gcc/x86_64-unknown-linux-gnu/10.2.1/../../../:/lib/:/usr/lib/]
  ignore line: [COLLECT_GCC_OPTIONS='-Wall' '-Wextra' '-v' '-o' 'cmTC_6a2e4' '-mtune=generic' '-march=x86-64']
  link line: [ /usr/lib64/gcc/x86_64-unknown-linux-gnu/10.2.1/collect2 -plugin /usr/lib64/gcc/x86_64-unknown-linux-gnu/10.2.1/liblto_plugin.so -plugin-opt=/usr/lib64/gcc/x86_64-unknown-linux-gnu/10.2.1/lto-wrapper -plugin-opt=-fresolution=/tmp/ccS95xZE.res -plugin-opt=-pass-through=-lgcc -plugin-opt=-pass-through=-lgcc_s -plugin-opt=-pass-through=-lc -plugin-opt=-pass-through=-lgcc -plugin-opt=-pass-through=-lgcc_s --build-id --eh-frame-hdr --hash-style=gnu -m elf_x86_64 -dynamic-linker /lib64/ld-linux-x86-64.so.2 -pie -o cmTC_6a2e4 /usr/lib64/gcc/x86_64-unknown-linux-gnu/10.2.1/../../../../lib64/Scrt1.o /usr/lib64/gcc/x86_64-unknown-linux-gnu/10.2.1/../../../../lib64/crti.o /usr/lib64/gcc/x86_64-unknown-linux-gnu/10.2.1/crtbeginS.o -L/usr/lib64/gcc/x86_64-unknown-linux-gnu/10.2.1 -L/usr/lib64/gcc/x86_64-unknown-linux-gnu/10.2.1/../../../../lib64 -L/lib/../lib64 -L/usr/lib/../lib64 -L/usr/lib64/gcc/x86_64-unknown-linux-gnu/10.2.1/../../.. CMakeFiles/cmTC_6a2e4.dir/CMakeCCompilerABI.c.o -lgcc --push-state --as-needed -lgcc_s --pop-state -lc -lgcc --push-state --as-needed -lgcc_s --pop-state /usr/lib64/gcc/x86_64-unknown-linux-gnu/10.2.1/crtendS.o /usr/lib64/gcc/x86_64-unknown-linux-gnu/10.2.1/../../../../lib64/crtn.o]
    arg [/usr/lib64/gcc/x86_64-unknown-linux-gnu/10.2.1/collect2] ==> ignore
    arg [-plugin] ==> ignore
    arg [/usr/lib64/gcc/x86_64-unknown-linux-gnu/10.2.1/liblto_plugin.so] ==> ignore
    arg [-plugin-opt=/usr/lib64/gcc/x86_64-unknown-linux-gnu/10.2.1/lto-wrapper] ==> ignore
    arg [-plugin-opt=-fresolution=/tmp/ccS95xZE.res] ==> ignore
    arg [-plugin-opt=-pass-through=-lgcc] ==> ignore
    arg [-plugin-opt=-pass-through=-lgcc_s] ==> ignore
    arg [-plugin-opt=-pass-through=-lc] ==> ignore
    arg [-plugin-opt=-pass-through=-lgcc] ==> ignore
    arg [-plugin-opt=-pass-through=-lgcc_s] ==> ignore
    arg [--build-id] ==> ignore
    arg [--eh-frame-hdr] ==> ignore
    arg [--hash-style=gnu] ==> ignore
    arg [-m] ==> ignore
    arg [elf_x86_64] ==> ignore
    arg [-dynamic-linker] ==> ignore
    arg [/lib64/ld-linux-x86-64.so.2] ==> ignore
    arg [-pie] ==> ignore
    arg [-o] ==> ignore
    arg [cmTC_6a2e4] ==> ignore
    arg [/usr/lib64/gcc/x86_64-unknown-linux-gnu/10.2.1/../../../../lib64/Scrt1.o] ==> obj [/usr/lib64/gcc/x86_64-unknown-linux-gnu/10.2.1/../../../../lib64/Scrt1.o]
    arg [/usr/lib64/gcc/x86_64-unknown-linux-gnu/10.2.1/../../../../lib64/crti.o] ==> obj [/usr/lib64/gcc/x86_64-unknown-linux-gnu/10.2.1/../../../../lib64/crti.o]
    arg [/usr/lib64/gcc/x86_64-unknown-linux-gnu/10.2.1/crtbeginS.o] ==> obj [/usr/lib64/gcc/x86_64-unknown-linux-gnu/10.2.1/crtbeginS.o]
    arg [-L/usr/lib64/gcc/x86_64-unknown-linux-gnu/10.2.1] ==> dir [/usr/lib64/gcc/x86_64-unknown-linux-gnu/10.2.1]
    arg [-L/usr/lib64/gcc/x86_64-unknown-linux-gnu/10.2.1/../../../../lib64] ==> dir [/usr/lib64/gcc/x86_64-unknown-linux-gnu/10.2.1/../../../../lib64]
    arg [-L/lib/../lib64] ==> dir [/lib/../lib64]
    arg [-L/usr/lib/../lib64] ==> dir [/usr/lib/../lib64]
    arg [-L/usr/lib64/gcc/x86_64-unknown-linux-gnu/10.2.1/../../..] ==> dir [/usr/lib64/gcc/x86_64-unknown-linux-gnu/10.2.1/../../..]
    arg [CMakeFiles/cmTC_6a2e4.dir/CMakeCCompilerABI.c.o] ==> ignore
    arg [-lgcc] ==> lib [gcc]
    arg [--push-state] ==> ignore
    arg [--as-needed] ==> ignore
    arg [-lgcc_s] ==> lib [gcc_s]
    arg [--pop-state] ==> ignore
    arg [-lc] ==> lib [c]
    arg [-lgcc] ==> lib [gcc]
    arg [--push-state] ==> ignore
    arg [--as-needed] ==> ignore
    arg [-lgcc_s] ==> lib [gcc_s]
    arg [--pop-state] ==> ignore
    arg [/usr/lib64/gcc/x86_64-unknown-linux-gnu/10.2.1/crtendS.o] ==> obj [/usr/lib64/gcc/x86_64-unknown-linux-gnu/10.2.1/crtendS.o]
    arg [/usr/lib64/gcc/x86_64-unknown-linux-gnu/10.2.1/../../../../lib64/crtn.o] ==> obj [/usr/lib64/gcc/x86_64-unknown-linux-gnu/10.2.1/../../../../lib64/crtn.o]
  collapse obj [/usr/lib64/gcc/x86_64-unknown-linux-gnu/10.2.1/../../../../lib64/Scrt1.o] ==> [/usr/lib64/Scrt1.o]
  collapse obj [/usr/lib64/gcc/x86_64-unknown-linux-gnu/10.2.1/../../../../lib64/crti.o] ==> [/usr/lib64/crti.o]
  collapse obj [/usr/lib64/gcc/x86_64-unknown-linux-gnu/10.2.1/../../../../lib64/crtn.o] ==> [/usr/lib64/crtn.o]
  collapse library dir [/usr/lib64/gcc/x86_64-unknown-linux-gnu/10.2.1] ==> [/usr/lib64/gcc/x86_64-unknown-linux-gnu/10.2.1]
  collapse library dir [/usr/lib64/gcc/x86_64-unknown-linux-gnu/10.2.1/../../../../lib64] ==> [/usr/lib64]
  collapse library dir [/lib/../lib64] ==> [/lib64]
  collapse library dir [/usr/lib/../lib64] ==> [/usr/lib64]
  collapse library dir [/usr/lib64/gcc/x86_64-unknown-linux-gnu/10.2.1/../../..] ==> [/usr/lib64]
  implicit libs: [gcc;gcc_s;c;gcc;gcc_s]
  implicit objs: [/usr/lib64/Scrt1.o;/usr/lib64/crti.o;/usr/lib64/gcc/x86_64-unknown-linux-gnu/10.2.1/crtbeginS.o;/usr/lib64/gcc/x86_64-unknown-linux-gnu/10.2.1/crtendS.o;/usr/lib64/crtn.o]
  implicit dirs: [/usr/lib64/gcc/x86_64-unknown-linux-gnu/10.2.1;/usr/lib64;/lib64]
  implicit fwks: []


